<?xml version='1.0' encoding='UTF-8'?>
<testsuite hostname="student" name="ProvidedTests" tests="11" errors="0" failures="0" time="0.086">
                     <properties>
[...]
</properties>
                     <testcase classname="ProvidedTests" name="It would be convenient if we could build a path by using / to separate strings" time="0.06">
                                                 
                                               </testcase><testcase classname="ProvidedTests" name="The / operator should be able to put two paths together too" time="0.001">
                                                 
                                               </testcase><testcase classname="ProvidedTests" name="write method to create files" time="0.003">
                                                 
                                               </testcase><testcase classname="ProvidedTests" name="read method to read files" time="0.001">
                                                 
                                               </testcase><testcase classname="ProvidedTests" name="append method to append data to the end of a file" time="0.004">
                                                 
                                               </testcase><testcase classname="ProvidedTests" name="This is a convenient way of writing a date in the current year" time="0.007">
                                                 
                                               </testcase><testcase classname="ProvidedTests" name="We can write dates in other years like this" time="0.0">
                                                 
                                               </testcase><testcase classname="ProvidedTests" name="We can add days to a date" time="0.004">
                                                 
                                               </testcase><testcase classname="ProvidedTests" name="We can add days to a date written using our date DSL" time="0.001">
                                                 
                                               </testcase><testcase classname="ProvidedTests" name="We can add months to a date" time="0.003">
                                                 
                                               </testcase><testcase classname="ProvidedTests" name="We can add years to a date" time="0.002">
                                                 
                                               </testcase>
                     <system-out></system-out>
                     <system-err></system-err>
                   </testsuite>