<?xml version='1.0' encoding='UTF-8'?>
<testsuite hostname="student" name="Tests" tests="8" errors="0" failures="0" time="0.116">
                     <properties>
[...]
</properties>
                     <testcase classname="Tests" name="enqueue test" time="0.078">
                                                 
                                               </testcase><testcase classname="Tests" name="dequeue test" time="0.003">
                                                 
                                               </testcase><testcase classname="Tests" name="max test" time="0.014">
                                                 
                                               </testcase><testcase classname="Tests" name="first test" time="0.001">
                                                 
                                               </testcase><testcase classname="Tests" name="rest test" time="0.003">
                                                 
                                               </testcase><testcase classname="Tests" name="nth test" time="0.001">
                                                 
                                               </testcase><testcase classname="Tests" name="map test" time="0.01">
                                                 
                                               </testcase><testcase classname="Tests" name="filter test" time="0.006">
                                                 
                                               </testcase>
                     <system-out></system-out>
                     <system-err></system-err>
                   </testsuite>